
> bmi-ums-api@1.0.0 dev
> tsx watch src/index.ts

◇ injected env (14) from .env // tip: ⌁ auth for agents [www.vestauth.com]
[32minfo[39m: Initializing BMI UMS API Server... {"service":"bmi-ums-api","timestamp":"2026-05-18T06:02:42.974Z"}
[32minfo[39m: Environment: development {"service":"bmi-ums-api","timestamp":"2026-05-18T06:02:42.978Z"}
[32minfo[39m: JWT: HS256 mode enabled (shared secret) — set JWT_PRIVATE_KEY/JWT_PUBLIC_KEY for RS256 {"service":"bmi-ums-api","timestamp":"2026-05-18T06:02:42.979Z"}
[32minfo[39m: ✓ JWT initialized (HS256 mode) {"service":"bmi-ums-api","timestamp":"2026-05-18T06:02:42.979Z"}
[32minfo[39m: Connecting to PocketBase... {"service":"bmi-ums-api","timestamp":"2026-05-18T06:02:42.980Z"}
[32minfo[39m: PocketBase initialized at http://127.0.0.1:8090 {"service":"bmi-ums-api","timestamp":"2026-05-18T06:02:42.981Z"}
[32minfo[39m: Checking PocketBase health... {"service":"bmi-ums-api","timestamp":"2026-05-18T06:02:42.981Z"}
[33mwarn[39m: PocketBase not ready (attempt 1/10), retrying in 1000ms... {"service":"bmi-ums-api","timestamp":"2026-05-18T06:02:43.007Z"}
[33mwarn[39m: PocketBase not ready (attempt 2/10), retrying in 1000ms... {"service":"bmi-ums-api","timestamp":"2026-05-18T06:02:44.024Z"}
[33mwarn[39m: PocketBase not ready (attempt 3/10), retrying in 1000ms... {"service":"bmi-ums-api","timestamp":"2026-05-18T06:02:45.041Z"}
[33mwarn[39m: PocketBase not ready (attempt 4/10), retrying in 1000ms... {"service":"bmi-ums-api","timestamp":"2026-05-18T06:02:46.057Z"}
[33mwarn[39m: PocketBase not ready (attempt 5/10), retrying in 1000ms... {"service":"bmi-ums-api","timestamp":"2026-05-18T06:02:47.074Z"}
[33mwarn[39m: PocketBase not ready (attempt 6/10), retrying in 1000ms... {"service":"bmi-ums-api","timestamp":"2026-05-18T06:02:48.089Z"}
[33mwarn[39m: PocketBase not ready (attempt 7/10), retrying in 1000ms... {"service":"bmi-ums-api","timestamp":"2026-05-18T06:02:49.095Z"}
[33mwarn[39m: PocketBase not ready (attempt 8/10), retrying in 1000ms... {"service":"bmi-ums-api","timestamp":"2026-05-18T06:02:50.105Z"}
[33mwarn[39m: PocketBase not ready (attempt 9/10), retrying in 1000ms... {"service":"bmi-ums-api","timestamp":"2026-05-18T06:02:51.115Z"}
[33mwarn[39m: PocketBase not ready (attempt 10/10), retrying in 1000ms... {"service":"bmi-ums-api","timestamp":"2026-05-18T06:02:52.129Z"}
^C